c [INITIAL INPUT] [4m[32mStatistics about the input formula[0m
c [INITIAL INPUT] Number of variables: 132
c [INITIAL INPUT] Number of clauses: 2780
c [INITIAL INPUT] Number of unit clauses: 0
c [INITIAL INPUT] Number of binary clauses: 1051
c [INITIAL INPUT] Number of ternary clauses: 476
c [INITIAL INPUT] Number of clauses larger than 3: 1253
c [INITIAL INPUT] Number of literals: 10492
c
c [PREPROC MANAGER] Option PreprocManager: preproc(equiv) input type(cnf)) #iteration(10) timeout(0)
c [BiPe] [OPTION] Backbone Options: verbosity(0) sat-solver(glucose,∞,1)
c [CONSTRUCTOR] Solver: glucose
c [BIPE BACKBONE] Start.
c [BACKBONE] Time to compute the backbone: 0.00101
c [BACKBONE] Number of SAT calls: 35
c [BACKBONE] Backbone size: 0
c [BACKBONE] Number of units detected by calling the solver: 0
c [REDUCER MAKE METHOD] Method: combinaison
c [MAIN PREPROCESSED INPUT] [4m[32mStatistics about the preprocessed formula[0m
c [PREPROCESSED INPUT] Number of variables: 132
c [PREPROCESSED INPUT] Number of clauses: 2432
c [PREPROCESSED INPUT] Number of unit clauses: 1
c [PREPROCESSED INPUT] Number of binary clauses: 1064
c [PREPROCESSED INPUT] Number of ternary clauses: 485
c [PREPROCESSED INPUT] Number of clauses larger than 3: 882
c [PREPROCESSED INPUT] Number of literals: 8301
c
c
c [MAX VARIABLES] list: 37 38 39 40 41 42 43 44 45 46 47 48 49 50 51 52 53 54 55 56 57 58 59 60 73 74 75 76 77 78 79 80 81 82 83 84 85 86 87 88 89 90 91 92 93 94 95 96 109 110 111 112 113 114 115 116 117 118 119 120 121 122 123 124 125 126 127 128 129 130 131 132 
c
c
c [IND VARIABLES] list: 1 2 3 4 5 6 7 8 9 10 11 12 13 14 15 16 17 18 19 20 21 22 23 24 25 26 27 28 29 30 31 32 33 34 35 36 61 62 63 64 65 66 67 68 69 70 71 72 97 98 99 100 101 102 103 104 105 106 107 108 
c
c Run with the classic mode
c  Option MaxSharpSAT Method: greedyInitActivated(0) threshold(1)
c [WRAPPER SOLVER] Option Solver: solver name(minisat cnf)
c [SPEC MANAGER] Option Formula Manager: update mode(dynamic) rm-gates(0) 
c [CACHE CLEANING MANAGER]  Option CacheCleaningManager: cleaning strategy(expectation) 
c [BUCKET MANAGER]  Option BucketManager: storage(not-touched)  representation(clause)  size_first_page(1073741824) size_additional_page(536870912)
c [CACHE LIST CONSTRUCTOR]
c [CACHE CLEANING MANAGER]  Option CacheCleaningManager: cleaning strategy(expectation) 
c [BUCKET MANAGER]  Option BucketManager: storage(not-touched)  representation(clause)  size_first_page(1073741824) size_additional_page(536870912)
c [CACHE LIST CONSTRUCTOR]
c
c [MAXT] The size of the valuation array is: 10
c [MAXT] Set the threshold limit: 6
c Warm start process (11): 4/29
c --------------------------------------------------------------------------------------------------------------------------------------------------------------------------
c |    #call(m)|    #call(i)|        time|  #posHit(m)|  #negHit(m)|  #posHit(i)|  #negHit(i)|   #split(m)|   #split(i)|      memory|     mem(MB)|  #dec. Node|   max#count|
c --------------------------------------------------------------------------------------------------------------------------------------------------------------------------
c |       26104|      104968|        1.13|         484|       25235|       41544|       46397|          44|        2268|     8586835|     2139.89|       59457|    4.50e+00|
c |       55599|      206545|        2.25|        1298|       53154|       78060|       90600|         124|        4212|    16318076|     2148.75|      118408|    4.50e+00|
c --------------------------------------------------------------------------------------------------------------------------------------------------------------------------
c
c [1m[31mStatistics [0m
c [33mCompilation Information[0m
c Number of recursive call: 78101
c Number of split formula (max): 142
c Number of split formula (ind): 5584
c Number of decision: 171235
c
c [1m[34mCache Information[0m
c Number of positive hit: 112075
c Number of negative hit: 132185
c Number of reduce calls: 0
c Number of entry removedreduce: 0
c
c
c [1m[34mCache Information[0m
c Number of positive hit: 1858
c Number of negative hit: 74809
c Number of reduce calls: 0
c Number of entry removedreduce: 0
c
c Final time: 3.27e+00
c
v -37 -38 -39 -40 41 -42 -43 -44 -45 -46 -47 -48 -49 -50 -51 -52 -53 -54 -55 56 -57 -58 -59 -60 -73 -74 75 -76 -77 -78 -79 -80 -81 -82 -83 -84 85 -86 -87 -88 -89 -90 -91 -92 -93 -94 -95 -96 -109 -110 -111 -112 113 -114 -115 116 -117 -118 -119 -120 -121 -122 -123 -124 -125 -126 -127 -128 -129 -130 -131 -132 0
o 4.50000000000000000000000000000000000000000000000000
c [MAX-T] Elapsed time: 3.38997066300000016170201888598967343568801879882812 seconds
