c [INITIAL INPUT] [4m[32mStatistics about the input formula[0m
c [INITIAL INPUT] Number of variables: 24
c [INITIAL INPUT] Number of clauses: 120
c [INITIAL INPUT] Number of unit clauses: 0
c [INITIAL INPUT] Number of binary clauses: 18
c [INITIAL INPUT] Number of ternary clauses: 26
c [INITIAL INPUT] Number of clauses larger than 3: 76
c [INITIAL INPUT] Number of literals: 488
c
c [PREPROC MANAGER] Option PreprocManager: preproc(equiv) input type(cnf)) #iteration(10) timeout(0)
c [BiPe] [OPTION] Backbone Options: verbosity(0) sat-solver(glucose,∞,1)
c [CONSTRUCTOR] Solver: glucose
c [BIPE BACKBONE] Start.
c [BACKBONE] Time to compute the backbone: 5.7e-05
c [BACKBONE] Number of SAT calls: 4
c [BACKBONE] Backbone size: 0
c [BACKBONE] Number of units detected by calling the solver: 0
c [REDUCER MAKE METHOD] Method: combinaison
c [MAIN PREPROCESSED INPUT] [4m[32mStatistics about the preprocessed formula[0m
c [PREPROCESSED INPUT] Number of variables: 24
c [PREPROCESSED INPUT] Number of clauses: 116
c [PREPROCESSED INPUT] Number of unit clauses: 0
c [PREPROCESSED INPUT] Number of binary clauses: 18
c [PREPROCESSED INPUT] Number of ternary clauses: 22
c [PREPROCESSED INPUT] Number of clauses larger than 3: 76
c [PREPROCESSED INPUT] Number of literals: 470
c
c
c [IND VARIABLES] list: 1 2 3 4 5 6 7 8 9 10 11 12 13 14 15 16 17 18 19 20 21 22 23 24 
c
c Run with the classic mode
c  Option MaxSharpSAT Method: greedyInitActivated(0) threshold(1)
c [WRAPPER SOLVER] Option Solver: solver name(minisat cnf)
c [SPEC MANAGER] Option Formula Manager: update mode(dynamic) rm-gates(0) 
c [CACHE CLEANING MANAGER]  Option CacheCleaningManager: cleaning strategy(expectation) 
c [BUCKET MANAGER]  Option BucketManager: storage(not-touched)  representation(clause)  size_first_page(1073741824) size_additional_page(536870912)
c [CACHE LIST CONSTRUCTOR]
c [CACHE CLEANING MANAGER]  Option CacheCleaningManager: cleaning strategy(expectation) 
c [BUCKET MANAGER]  Option BucketManager: storage(not-touched)  representation(clause)  size_first_page(1073741824) size_additional_page(536870912)
c [CACHE LIST CONSTRUCTOR]
c
c [MAXT] The size of the valuation array is: 1
c [MAXT] Set the threshold limit: 64
c Warm start process (11): 6/29
c --------------------------------------------------------------------------------------------------------------------------------------------------------------------------
c |    #call(m)|    #call(i)|        time|  #posHit(m)|  #negHit(m)|  #posHit(i)|  #negHit(i)|   #split(m)|   #split(i)|      memory|     mem(MB)|  #dec. Node|   max#count|
c --------------------------------------------------------------------------------------------------------------------------------------------------------------------------
c --------------------------------------------------------------------------------------------------------------------------------------------------------------------------
c
c [1m[31mStatistics [0m
c [33mCompilation Information[0m
c Number of recursive call: 1
c Number of split formula (max): 0
c Number of split formula (ind): 16
c Number of decision: 174
c
c [1m[34mCache Information[0m
c Number of positive hit: 74
c Number of negative hit: 174
c Number of reduce calls: 0
c Number of entry removedreduce: 0
c
c
c [1m[34mCache Information[0m
c Number of positive hit: 0
c Number of negative hit: 1
c Number of reduce calls: 0
c Number of entry removedreduce: 0
c
c Final time: 0.000842
c
v 0
o 36.00000000000000000000000000000000000000000000000000
c [MAX-T] Elapsed time: 0.02504853199999999835423381000509834848344326019287 seconds
