c [INITIAL INPUT] [4m[32mStatistics about the input formula[0m
c [INITIAL INPUT] Number of variables: 123
c [INITIAL INPUT] Number of clauses: 2569
c [INITIAL INPUT] Number of unit clauses: 0
c [INITIAL INPUT] Number of binary clauses: 904
c [INITIAL INPUT] Number of ternary clauses: 422
c [INITIAL INPUT] Number of clauses larger than 3: 1243
c [INITIAL INPUT] Number of literals: 9985
c
c [PREPROC MANAGER] Option PreprocManager: preproc(equiv) input type(cnf)) #iteration(10) timeout(0)
c [BiPe] [OPTION] Backbone Options: verbosity(0) sat-solver(glucose,∞,1)
c [CONSTRUCTOR] Solver: glucose
c [BIPE BACKBONE] Start.
c [BACKBONE] Time to compute the backbone: 0.000866
c [BACKBONE] Number of SAT calls: 44
c [BACKBONE] Backbone size: 0
c [BACKBONE] Number of units detected by calling the solver: 0
c [REDUCER MAKE METHOD] Method: combinaison
c [MAIN PREPROCESSED INPUT] [4m[32mStatistics about the preprocessed formula[0m
c [PREPROCESSED INPUT] Number of variables: 123
c [PREPROCESSED INPUT] Number of clauses: 2563
c [PREPROCESSED INPUT] Number of unit clauses: 0
c [PREPROCESSED INPUT] Number of binary clauses: 904
c [PREPROCESSED INPUT] Number of ternary clauses: 422
c [PREPROCESSED INPUT] Number of clauses larger than 3: 1237
c [PREPROCESSED INPUT] Number of literals: 9848
c
c
c [MAX VARIABLES] list: 37 38 39 40 41 42 43 44 45 46 47 48 49 50 51 52 53 54 55 56 57 70 71 72 73 74 75 76 77 78 79 80 81 82 83 84 85 86 87 88 89 90 103 104 105 106 107 108 109 110 111 112 113 114 115 116 117 118 119 120 121 122 123 
c
c
c [IND VARIABLES] list: 1 2 3 4 5 6 7 8 9 10 11 12 13 14 15 16 17 18 19 20 21 22 23 24 25 26 27 28 29 30 31 32 33 34 35 36 58 59 60 61 62 63 64 65 66 67 68 69 91 92 93 94 95 96 97 98 99 100 101 102 
c
c Run with the classic mode
c  Option MaxSharpSAT Method: greedyInitActivated(0) threshold(1)
c [WRAPPER SOLVER] Option Solver: solver name(minisat cnf)
c [SPEC MANAGER] Option Formula Manager: update mode(dynamic) rm-gates(0) 
c [CACHE CLEANING MANAGER]  Option CacheCleaningManager: cleaning strategy(expectation) 
c [BUCKET MANAGER]  Option BucketManager: storage(not-touched)  representation(clause)  size_first_page(1073741824) size_additional_page(536870912)
c [CACHE LIST CONSTRUCTOR]
c [CACHE CLEANING MANAGER]  Option CacheCleaningManager: cleaning strategy(expectation) 
c [BUCKET MANAGER]  Option BucketManager: storage(not-touched)  representation(clause)  size_first_page(1073741824) size_additional_page(536870912)
c [CACHE LIST CONSTRUCTOR]
c
c [MAXT] The size of the valuation array is: 8
c [MAXT] Set the threshold limit: 64
c Warm start process (11): 7/29
c --------------------------------------------------------------------------------------------------------------------------------------------------------------------------
c |    #call(m)|    #call(i)|        time|  #posHit(m)|  #negHit(m)|  #posHit(i)|  #negHit(i)|   #split(m)|   #split(i)|      memory|     mem(MB)|  #dec. Node|   max#count|
c --------------------------------------------------------------------------------------------------------------------------------------------------------------------------
c |         404|      130668|        0.55|           0|         404|       51496|       65238|           0|        7796|     5702405|     2138.69|       65447|    4.00e+01|
c |         648|      261496|        1.14|           0|         646|      108836|      130591|           0|       17156|    11935958|     2145.83|      130920|    4.00e+01|
c |        1047|      392169|        1.76|           0|        1044|      160803|      195828|           0|       24952|    18038454|     2152.88|      196354|    4.00e+01|
c |        1788|      522500|        2.50|           0|        1784|      216658|      260809|           0|       30985|    25447315|     2160.18|      261708|    4.00e+01|
c |        2259|      653101|        3.16|           0|        2253|      272622|      325996|           0|       36041|    32049799|     2167.32|      327133|    4.00e+01|
c |        2983|      783449|        3.87|           0|        2976|      327492|      390991|           0|       42087|    39041487|     2174.57|      392491|    4.00e+01|
c |        4039|      913465|        4.67|           0|        4027|      382676|      455736|           0|       46698|    47073023|     2182.05|      457764|    4.00e+01|
c |        5866|     1042710|        5.47|           0|        5849|      437331|      519903|           0|       51631|    54927697|     2189.21|      522844|    4.00e+01|
c |        7089|     1172559|        6.28|           0|        7067|      495844|      584524|           0|       56789|    63155443|     2196.65|      588073|    4.00e+01|
c |        7664|     1303056|        6.98|           0|        7639|      552738|      649632|           0|       61699|    70233009|     2204.02|      653473|    4.00e+01|
c |        8076|     1433716|        7.65|           0|        8050|      610076|      714858|           0|       66106|    76785568|     2211.21|      718902|    4.00e+01|
c |        8574|     1564290|        8.32|           0|        8547|      671741|      780021|           0|       73725|    83573027|     2218.46|      784313|    4.00e+01|
c |        9835|     1694101|        9.17|           0|        9806|      731844|      844610|           0|       77005|    92282284|     2226.11|      849531|    4.00e+01|
c |       10307|     1824701|        9.84|           0|       10278|      788180|      909796|           0|       81889|    98873723|     2233.32|      914953|    4.00e+01|
c |       10591|     1955489|       10.49|           0|       10561|      846436|      975119|           0|       85885|   105387298|     2240.95|      980425|    4.00e+01|
c |       11049|     2086103|       11.18|           0|       11018|      903503|     1040310|           0|       89361|   112233241|     2248.23|     1045837|    4.00e+01|
c --------------------------------------------------------------------------------------------------------------------------------------------------------------------------
c
c [1m[31mStatistics [0m
c [33mCompilation Information[0m
c Number of recursive call: 11117
c Number of split formula (max): 0
c Number of split formula (ind): 90453
c Number of decision: 1066135
c
c [1m[34mCache Information[0m
c Number of positive hit: 922050
c Number of negative hit: 1060577
c Number of reduce calls: 0
c Number of entry removedreduce: 0
c
c
c [1m[34mCache Information[0m
c Number of positive hit: 0
c Number of negative hit: 11085
c Number of reduce calls: 0
c Number of entry removedreduce: 0
c
c Final time: 1.14e+01
c
v 37 -38 -39 -40 -41 -42 -43 -44 -45 -46 -47 -48 49 -50 -51 -52 -53 -54 -55 -56 -57 -70 71 -72 -73 74 -75 -76 -77 -78 -79 -80 -81 -82 -83 -84 -85 -86 -87 -88 -89 -90 -103 104 -105 -106 -107 -108 -109 -110 -111 -112 -113 -114 -115 -116 -117 -118 119 -120 -121 -122 -123 0
o 40.00000000000000000000000000000000000000000000000000
c [MAX-T] Elapsed time: 11.67249327999999941596342978300526738166809082031250 seconds
